# JRE version: OpenJDK Runtime Environment (17.0.11) (build 17.0.11+0--11852314)
# Java VM: OpenJDK 64-Bit Server VM (17.0.11+0--11852314, mixed mode, tiered, compressed oops, compressed class ptrs, g1 gc, windows-amd64)
GC Precious Log:
 CPUs: 12 total, 12 available
 Memory: 15773M
 Large Page Support: Disabled
 NUMA Support: Disabled
 Compressed Oops: Enabled (32-bit)
 Heap Region Size: 1M
 Heap Min Capacity: 8M
 Heap Initial Capacity: 248M
 Heap Max Capacity: 2G
 Pre-touch: Disabled
 Parallel Workers: 10
 Concurrent Workers: 3
 Concurrent Refinement Workers: 10
 Periodic GC: Disabled
Heap:
 garbage-first heap   total 317440K, used 237443K [0x0000000080000000, 0x0000000100000000)
  region size 1024K, 85 young (87040K), 6 survivors (6144K)
 Metaspace       used 126657K, committed 127616K, reserved 1179648K
  class space    used 17050K, committed 17536K, reserved 1048576K
GC Heap History (20 events):
Event: 13.003 GC heap before
{Heap before GC invocations=32 (full 0):
 garbage-first heap   total 235520K, used 187874K [0x0000000080000000, 0x0000000100000000)
  region size 1024K, 100 young (102400K), 9 survivors (9216K)
 Metaspace       used 108361K, committed 109120K, reserved 1179648K
  class space    used 15062K, committed 15424K, reserved 1048576K
}
Event: 13.011 GC heap after
{Heap after GC invocations=33 (full 0):
 garbage-first heap   total 235520K, used 103917K [0x0000000080000000, 0x0000000100000000)
  region size 1024K, 13 young (13312K), 13 survivors (13312K)
 Metaspace       used 108361K, committed 109120K, reserved 1179648K
  class space    used 15062K, committed 15424K, reserved 1048576K
}
Event: 13.168 GC heap before
{Heap before GC invocations=33 (full 0):
 garbage-first heap   total 235520K, used 188909K [0x0000000080000000, 0x0000000100000000)
  region size 1024K, 96 young (98304K), 13 survivors (13312K)
 Metaspace       used 108611K, committed 109376K, reserved 1179648K
  class space    used 15076K, committed 15424K, reserved 1048576K
}
Event: 13.176 GC heap after
{Heap after GC invocations=34 (full 0):
 garbage-first heap   total 235520K, used 108598K [0x0000000080000000, 0x0000000100000000)
  region size 1024K, 6 young (6144K), 6 survivors (6144K)
 Metaspace       used 108611K, committed 109376K, reserved 1179648K
  class space    used 15076K, committed 15424K, reserved 1048576K
}
Event: 13.694 GC heap before
{Heap before GC invocations=34 (full 0):
 garbage-first heap   total 235520K, used 176182K [0x0000000080000000, 0x0000000100000000)
  region size 1024K, 66 young (67584K), 6 survivors (6144K)
 Metaspace       used 112037K, committed 112768K, reserved 1179648K
  class space    used 15455K, committed 15808K, reserved 1048576K
}
Event: 13.702 GC heap after
{Heap after GC invocations=35 (full 0):
 garbage-first heap   total 235520K, used 126737K [0x0000000080000000, 0x0000000100000000)
  region size 1024K, 11 young (11264K), 11 survivors (11264K)
 Metaspace       used 112037K, committed 112768K, reserved 1179648K
  class space    used 15455K, committed 15808K, reserved 1048576K
}
Event: 14.124 GC heap before
{Heap before GC invocations=36 (full 0):
 garbage-first heap   total 235520K, used 177937K [0x0000000080000000, 0x0000000100000000)
  region size 1024K, 62 young (63488K), 11 survivors (11264K)
 Metaspace       used 114695K, committed 115456K, reserved 1179648K
  class space    used 15779K, committed 16128K, reserved 1048576K
}
Event: 14.130 GC heap after
{Heap after GC invocations=37 (full 0):
 garbage-first heap   total 235520K, used 132363K [0x0000000080000000, 0x0000000100000000)
  region size 1024K, 5 young (5120K), 5 survivors (5120K)
 Metaspace       used 114695K, committed 115456K, reserved 1179648K
  class space    used 15779K, committed 16128K, reserved 1048576K
}
Event: 14.193 GC heap before
{Heap before GC invocations=37 (full 0):
 garbage-first heap   total 235520K, used 138507K [0x0000000080000000, 0x0000000100000000)
  region size 1024K, 11 young (11264K), 5 survivors (5120K)
 Metaspace       used 114863K, committed 115584K, reserved 1179648K
  class space    used 15789K, committed 16128K, reserved 1048576K
}
Event: 14.197 GC heap after
{Heap after GC invocations=38 (full 0):
 garbage-first heap   total 235520K, used 132987K [0x0000000080000000, 0x0000000100000000)
  region size 1024K, 2 young (2048K), 2 survivors (2048K)
 Metaspace       used 114863K, committed 115584K, reserved 1179648K
  class space    used 15789K, committed 16128K, reserved 1048576K
}
Event: 14.493 GC heap before
{Heap before GC invocations=38 (full 0):
 garbage-first heap   total 235520K, used 199547K [0x0000000080000000, 0x0000000100000000)
  region size 1024K, 51 young (52224K), 2 survivors (2048K)
 Metaspace       used 117346K, committed 118144K, reserved 1179648K
  class space    used 16052K, committed 16448K, reserved 1048576K
}
Event: 14.502 GC heap after
{Heap after GC invocations=39 (full 0):
 garbage-first heap   total 317440K, used 143477K [0x0000000080000000, 0x0000000100000000)
  region size 1024K, 7 young (7168K), 7 survivors (7168K)
 Metaspace       used 117346K, committed 118144K, reserved 1179648K
  class space    used 16052K, committed 16448K, reserved 1048576K
}
Event: 14.883 GC heap before
{Heap before GC invocations=39 (full 0):
 garbage-first heap   total 317440K, used 219253K [0x0000000080000000, 0x0000000100000000)
  region size 1024K, 82 young (83968K), 7 survivors (7168K)
 Metaspace       used 119054K, committed 119936K, reserved 1179648K
  class space    used 16255K, committed 16704K, reserved 1048576K
}
Event: 14.891 GC heap after
{Heap after GC invocations=40 (full 0):
 garbage-first heap   total 317440K, used 149025K [0x0000000080000000, 0x0000000100000000)
  region size 1024K, 11 young (11264K), 11 survivors (11264K)
 Metaspace       used 119054K, committed 119936K, reserved 1179648K
  class space    used 16255K, committed 16704K, reserved 1048576K
}
Event: 15.137 GC heap before
{Heap before GC invocations=40 (full 0):
 garbage-first heap   total 317440K, used 225825K [0x0000000080000000, 0x0000000100000000)
  region size 1024K, 87 young (89088K), 11 survivors (11264K)
 Metaspace       used 119714K, committed 120576K, reserved 1179648K
  class space    used 16334K, committed 16768K, reserved 1048576K
}
Event: 15.145 GC heap after
{Heap after GC invocations=41 (full 0):
 garbage-first heap   total 317440K, used 153317K [0x0000000080000000, 0x0000000100000000)
  region size 1024K, 7 young (7168K), 7 survivors (7168K)
 Metaspace       used 119714K, committed 120576K, reserved 1179648K
  class space    used 16334K, committed 16768K, reserved 1048576K
}
Event: 16.633 GC heap before
{Heap before GC invocations=41 (full 0):
 garbage-first heap   total 317440K, used 233189K [0x0000000080000000, 0x0000000100000000)
  region size 1024K, 86 young (88064K), 7 survivors (7168K)
 Metaspace       used 120277K, committed 121152K, reserved 1179648K
  class space    used 16395K, committed 16832K, reserved 1048576K
}
Event: 16.640 GC heap after
{Heap after GC invocations=42 (full 0):
 garbage-first heap   total 317440K, used 157328K [0x0000000080000000, 0x0000000100000000)
  region size 1024K, 7 young (7168K), 7 survivors (7168K)
 Metaspace       used 120277K, committed 121152K, reserved 1179648K
  class space    used 16395K, committed 16832K, reserved 1048576K
}
Event: 17.040 GC heap before
{Heap before GC invocations=42 (full 0):
 garbage-first heap   total 317440K, used 240272K [0x0000000080000000, 0x0000000100000000)
  region size 1024K, 87 young (89088K), 7 survivors (7168K)
 Metaspace       used 123316K, committed 124288K, reserved 1179648K
  class space    used 16616K, committed 17088K, reserved 1048576K
}
Event: 17.044 GC heap after
{Heap after GC invocations=43 (full 0):
 garbage-first heap   total 317440K, used 158595K [0x0000000080000000, 0x0000000100000000)
  region size 1024K, 6 young (6144K), 6 survivors (6144K)
 Metaspace       used 123316K, committed 124288K, reserved 1179648K
  class space    used 16616K, committed 17088K, reserved 1048576K
}

