# JRE version: OpenJDK Runtime Environment (17.0.11) (build 17.0.11+0--11852314)
# Java VM: OpenJDK 64-Bit Server VM (17.0.11+0--11852314, mixed mode, tiered, compressed oops, compressed class ptrs, g1 gc, windows-amd64)
GC Precious Log:
 CPUs: 12 total, 12 available
 Memory: 15773M
 Large Page Support: Disabled
 NUMA Support: Disabled
 Compressed Oops: Enabled (32-bit)
 Heap Region Size: 1M
 Heap Min Capacity: 8M
 Heap Initial Capacity: 248M
 Heap Max Capacity: 2G
 Pre-touch: Disabled
 Parallel Workers: 10
 Concurrent Workers: 3
 Concurrent Refinement Workers: 10
 Periodic GC: Disabled
Heap:
 garbage-first heap   total 336896K, used 219057K [0x0000000080000000, 0x0000000100000000)
  region size 1024K, 10 young (10240K), 10 survivors (10240K)
 Metaspace       used 164266K, committed 165440K, reserved 1245184K
  class space    used 21434K, committed 22016K, reserved 1048576K
GC Heap History (20 events):
Event: 1465.511 GC heap after
{Heap after GC invocations=65 (full 0):
 garbage-first heap   total 336896K, used 207108K [0x0000000080000000, 0x0000000100000000)
  region size 1024K, 7 young (7168K), 7 survivors (7168K)
 Metaspace       used 138326K, committed 139456K, reserved 1179648K
  class space    used 18079K, committed 18624K, reserved 1048576K
}
Event: 1465.587 GC heap before
{Heap before GC invocations=65 (full 0):
 garbage-first heap   total 336896K, used 215300K [0x0000000080000000, 0x0000000100000000)
  region size 1024K, 16 young (16384K), 7 survivors (7168K)
 Metaspace       used 138661K, committed 139776K, reserved 1179648K
  class space    used 18114K, committed 18688K, reserved 1048576K
}
Event: 1465.594 GC heap after
{Heap after GC invocations=66 (full 0):
 garbage-first heap   total 336896K, used 178208K [0x0000000080000000, 0x0000000100000000)
  region size 1024K, 2 young (2048K), 2 survivors (2048K)
 Metaspace       used 138661K, committed 139776K, reserved 1179648K
  class space    used 18114K, committed 18688K, reserved 1048576K
}
Event: 1465.675 GC heap before
{Heap before GC invocations=66 (full 0):
 garbage-first heap   total 336896K, used 193568K [0x0000000080000000, 0x0000000100000000)
  region size 1024K, 16 young (16384K), 2 survivors (2048K)
 Metaspace       used 138855K, committed 140032K, reserved 1179648K
  class space    used 18122K, committed 18688K, reserved 1048576K
}
Event: 1465.684 GC heap after
{Heap after GC invocations=67 (full 0):
 garbage-first heap   total 336896K, used 168960K [0x0000000080000000, 0x0000000100000000)
  region size 1024K, 2 young (2048K), 2 survivors (2048K)
 Metaspace       used 138855K, committed 140032K, reserved 1179648K
  class space    used 18122K, committed 18688K, reserved 1048576K
}
Event: 1466.555 GC heap before
{Heap before GC invocations=67 (full 0):
 garbage-first heap   total 336896K, used 267264K [0x0000000080000000, 0x0000000100000000)
  region size 1024K, 93 young (95232K), 2 survivors (2048K)
 Metaspace       used 150013K, committed 151104K, reserved 1245184K
  class space    used 19350K, committed 19904K, reserved 1048576K
}
Event: 1466.562 GC heap after
{Heap after GC invocations=68 (full 0):
 garbage-first heap   total 336896K, used 179510K [0x0000000080000000, 0x0000000100000000)
  region size 1024K, 10 young (10240K), 10 survivors (10240K)
 Metaspace       used 150013K, committed 151104K, reserved 1245184K
  class space    used 19350K, committed 19904K, reserved 1048576K
}
Event: 1467.164 GC heap before
{Heap before GC invocations=69 (full 0):
 garbage-first heap   total 336896K, used 262454K [0x0000000080000000, 0x0000000100000000)
  region size 1024K, 96 young (98304K), 10 survivors (10240K)
 Metaspace       used 154716K, committed 155904K, reserved 1245184K
  class space    used 20122K, committed 20736K, reserved 1048576K
}
Event: 1467.171 GC heap after
{Heap after GC invocations=70 (full 0):
 garbage-first heap   total 336896K, used 177147K [0x0000000080000000, 0x0000000100000000)
  region size 1024K, 3 young (3072K), 3 survivors (3072K)
 Metaspace       used 154716K, committed 155904K, reserved 1245184K
  class space    used 20122K, committed 20736K, reserved 1048576K
}
Event: 1467.240 GC heap before
{Heap before GC invocations=70 (full 0):
 garbage-first heap   total 336896K, used 190459K [0x0000000080000000, 0x0000000100000000)
  region size 1024K, 16 young (16384K), 3 survivors (3072K)
 Metaspace       used 154835K, committed 156032K, reserved 1245184K
  class space    used 20125K, committed 20736K, reserved 1048576K
}
Event: 1467.246 GC heap after
{Heap after GC invocations=71 (full 0):
 garbage-first heap   total 336896K, used 172685K [0x0000000080000000, 0x0000000100000000)
  region size 1024K, 2 young (2048K), 2 survivors (2048K)
 Metaspace       used 154835K, committed 156032K, reserved 1245184K
  class space    used 20125K, committed 20736K, reserved 1048576K
}
Event: 1473.448 GC heap before
{Heap before GC invocations=71 (full 0):
 garbage-first heap   total 336896K, used 269965K [0x0000000080000000, 0x0000000100000000)
  region size 1024K, 98 young (100352K), 2 survivors (2048K)
 Metaspace       used 155795K, committed 156992K, reserved 1245184K
  class space    used 20229K, committed 20864K, reserved 1048576K
}
Event: 1473.452 GC heap after
{Heap after GC invocations=72 (full 0):
 garbage-first heap   total 336896K, used 171631K [0x0000000080000000, 0x0000000100000000)
  region size 1024K, 3 young (3072K), 3 survivors (3072K)
 Metaspace       used 155795K, committed 156992K, reserved 1245184K
  class space    used 20229K, committed 20864K, reserved 1048576K
}
Event: 1474.266 GC heap before
{Heap before GC invocations=72 (full 0):
 garbage-first heap   total 336896K, used 276079K [0x0000000080000000, 0x0000000100000000)
  region size 1024K, 104 young (106496K), 3 survivors (3072K)
 Metaspace       used 157235K, committed 158400K, reserved 1245184K
  class space    used 20397K, committed 20992K, reserved 1048576K
}
Event: 1474.280 GC heap after
{Heap after GC invocations=73 (full 0):
 garbage-first heap   total 336896K, used 194217K [0x0000000080000000, 0x0000000100000000)
  region size 1024K, 13 young (13312K), 13 survivors (13312K)
 Metaspace       used 157235K, committed 158400K, reserved 1245184K
  class space    used 20397K, committed 20992K, reserved 1048576K
}
Event: 1475.051 GC heap before
{Heap before GC invocations=73 (full 0):
 garbage-first heap   total 336896K, used 273065K [0x0000000080000000, 0x0000000100000000)
  region size 1024K, 89 young (91136K), 13 survivors (13312K)
 Metaspace       used 160224K, committed 161408K, reserved 1245184K
  class space    used 20785K, committed 21376K, reserved 1048576K
}
Event: 1475.063 GC heap after
{Heap after GC invocations=74 (full 0):
 garbage-first heap   total 336896K, used 198544K [0x0000000080000000, 0x0000000100000000)
  region size 1024K, 7 young (7168K), 7 survivors (7168K)
 Metaspace       used 160224K, committed 161408K, reserved 1245184K
  class space    used 20785K, committed 21376K, reserved 1048576K
}
Event: 1475.195 GC heap before
{Heap before GC invocations=74 (full 0):
 garbage-first heap   total 336896K, used 273296K [0x0000000080000000, 0x0000000100000000)
  region size 1024K, 81 young (82944K), 7 survivors (7168K)
 Metaspace       used 161670K, committed 162880K, reserved 1245184K
  class space    used 20971K, committed 21568K, reserved 1048576K
}
Event: 1475.203 GC heap after
{Heap after GC invocations=75 (full 0):
 garbage-first heap   total 336896K, used 208591K [0x0000000080000000, 0x0000000100000000)
  region size 1024K, 10 young (10240K), 10 survivors (10240K)
 Metaspace       used 161670K, committed 162880K, reserved 1245184K
  class space    used 20971K, committed 21568K, reserved 1048576K
}
Event: 1475.442 GC heap before
{Heap before GC invocations=75 (full 0):
 garbage-first heap   total 336896K, used 276175K [0x0000000080000000, 0x0000000100000000)
  region size 1024K, 77 young (78848K), 10 survivors (10240K)
 Metaspace       used 164266K, committed 165440K, reserved 1245184K
  class space    used 21434K, committed 22016K, reserved 1048576K
}

