# JRE version: OpenJDK Runtime Environment (17.0.11) (build 17.0.11+0--11852314)
# Java VM: OpenJDK 64-Bit Server VM (17.0.11+0--11852314, mixed mode, tiered, compressed oops, compressed class ptrs, g1 gc, windows-amd64)
GC Precious Log:
 CPUs: 12 total, 12 available
 Memory: 15773M
 Large Page Support: Disabled
 NUMA Support: Disabled
 Compressed Oops: Enabled (Zero based)
 Heap Region Size: 2M
 Heap Min Capacity: 8M
 Heap Initial Capacity: 248M
 Heap Max Capacity: 3944M
 Pre-touch: Disabled
 Parallel Workers: 10
 Concurrent Workers: 3
 Concurrent Refinement Workers: 10
 Periodic GC: Disabled
Heap:
 garbage-first heap   total 231424K, used 103570K [0x0000000709800000, 0x0000000800000000)
  region size 2048K, 11 young (22528K), 4 survivors (8192K)
 Metaspace       used 84616K, committed 84992K, reserved 1179648K
  class space    used 9347K, committed 9536K, reserved 1048576K
GC Heap History (20 events):
Event: 1.971 GC heap before
{Heap before GC invocations=9 (full 0):
 garbage-first heap   total 69632K, used 54493K [0x0000000709800000, 0x0000000800000000)
  region size 2048K, 20 young (40960K), 1 survivors (2048K)
 Metaspace       used 42544K, committed 42816K, reserved 1114112K
  class space    used 5106K, committed 5248K, reserved 1048576K
}
Event: 1.979 GC heap after
{Heap after GC invocations=10 (full 0):
 garbage-first heap   total 69632K, used 23398K [0x0000000709800000, 0x0000000800000000)
  region size 2048K, 4 young (8192K), 4 survivors (8192K)
 Metaspace       used 42544K, committed 42816K, reserved 1114112K
  class space    used 5106K, committed 5248K, reserved 1048576K
}
Event: 1.983 GC heap before
{Heap before GC invocations=10 (full 0):
 garbage-first heap   total 69632K, used 25446K [0x0000000709800000, 0x0000000800000000)
  region size 2048K, 5 young (10240K), 4 survivors (8192K)
 Metaspace       used 42554K, committed 42880K, reserved 1114112K
  class space    used 5106K, committed 5248K, reserved 1048576K
}
Event: 1.991 GC heap after
{Heap after GC invocations=11 (full 0):
 garbage-first heap   total 69632K, used 24076K [0x0000000709800000, 0x0000000800000000)
  region size 2048K, 1 young (2048K), 1 survivors (2048K)
 Metaspace       used 42554K, committed 42880K, reserved 1114112K
  class space    used 5106K, committed 5248K, reserved 1048576K
}
Event: 2.074 GC heap before
{Heap before GC invocations=11 (full 0):
 garbage-first heap   total 69632K, used 46604K [0x0000000709800000, 0x0000000800000000)
  region size 2048K, 12 young (24576K), 1 survivors (2048K)
 Metaspace       used 43199K, committed 43456K, reserved 1114112K
  class space    used 5151K, committed 5248K, reserved 1048576K
}
Event: 2.083 GC heap after
{Heap after GC invocations=12 (full 0):
 garbage-first heap   total 163840K, used 31933K [0x0000000709800000, 0x0000000800000000)
  region size 2048K, 2 young (4096K), 2 survivors (4096K)
 Metaspace       used 43199K, committed 43456K, reserved 1114112K
  class space    used 5151K, committed 5248K, reserved 1048576K
}
Event: 3.072 GC heap before
{Heap before GC invocations=12 (full 0):
 garbage-first heap   total 163840K, used 101565K [0x0000000709800000, 0x0000000800000000)
  region size 2048K, 36 young (73728K), 2 survivors (4096K)
 Metaspace       used 54774K, committed 55040K, reserved 1114112K
  class space    used 6618K, committed 6720K, reserved 1048576K
}
Event: 3.087 GC heap after
{Heap after GC invocations=13 (full 0):
 garbage-first heap   total 163840K, used 43582K [0x0000000709800000, 0x0000000800000000)
  region size 2048K, 5 young (10240K), 5 survivors (10240K)
 Metaspace       used 54774K, committed 55040K, reserved 1114112K
  class space    used 6618K, committed 6720K, reserved 1048576K
}
Event: 3.862 GC heap before
{Heap before GC invocations=13 (full 0):
 garbage-first heap   total 163840K, used 100926K [0x0000000709800000, 0x0000000800000000)
  region size 2048K, 33 young (67584K), 5 survivors (10240K)
 Metaspace       used 59493K, committed 59776K, reserved 1114112K
  class space    used 7070K, committed 7168K, reserved 1048576K
}
Event: 3.883 GC heap after
{Heap after GC invocations=14 (full 0):
 garbage-first heap   total 163840K, used 54216K [0x0000000709800000, 0x0000000800000000)
  region size 2048K, 5 young (10240K), 5 survivors (10240K)
 Metaspace       used 59493K, committed 59776K, reserved 1114112K
  class space    used 7070K, committed 7168K, reserved 1048576K
}
Event: 3.911 GC heap before
{Heap before GC invocations=14 (full 0):
 garbage-first heap   total 163840K, used 56264K [0x0000000709800000, 0x0000000800000000)
  region size 2048K, 7 young (14336K), 5 survivors (10240K)
 Metaspace       used 60061K, committed 60288K, reserved 1114112K
  class space    used 7155K, committed 7232K, reserved 1048576K
}
Event: 3.922 GC heap after
{Heap after GC invocations=15 (full 0):
 garbage-first heap   total 163840K, used 56333K [0x0000000709800000, 0x0000000800000000)
  region size 2048K, 1 young (2048K), 1 survivors (2048K)
 Metaspace       used 60061K, committed 60288K, reserved 1114112K
  class space    used 7155K, committed 7232K, reserved 1048576K
}
Event: 4.543 GC heap before
{Heap before GC invocations=16 (full 0):
 garbage-first heap   total 163840K, used 113677K [0x0000000709800000, 0x0000000800000000)
  region size 2048K, 29 young (59392K), 1 survivors (2048K)
 Metaspace       used 62212K, committed 62464K, reserved 1114112K
  class space    used 7338K, committed 7424K, reserved 1048576K
}
Event: 4.558 GC heap after
{Heap after GC invocations=17 (full 0):
 garbage-first heap   total 163840K, used 65417K [0x0000000709800000, 0x0000000800000000)
  region size 2048K, 4 young (8192K), 4 survivors (8192K)
 Metaspace       used 62212K, committed 62464K, reserved 1114112K
  class space    used 7338K, committed 7424K, reserved 1048576K
}
Event: 5.081 GC heap before
{Heap before GC invocations=18 (full 0):
 garbage-first heap   total 163840K, used 118665K [0x0000000709800000, 0x0000000800000000)
  region size 2048K, 30 young (61440K), 4 survivors (8192K)
 Metaspace       used 68836K, committed 69120K, reserved 1114112K
  class space    used 7970K, committed 8064K, reserved 1048576K
}
Event: 5.096 GC heap after
{Heap after GC invocations=19 (full 0):
 garbage-first heap   total 163840K, used 74005K [0x0000000709800000, 0x0000000800000000)
  region size 2048K, 4 young (8192K), 4 survivors (8192K)
 Metaspace       used 68836K, committed 69120K, reserved 1114112K
  class space    used 7970K, committed 8064K, reserved 1048576K
}
Event: 5.534 GC heap before
{Heap before GC invocations=19 (full 0):
 garbage-first heap   total 163840K, used 121109K [0x0000000709800000, 0x0000000800000000)
  region size 2048K, 27 young (55296K), 4 survivors (8192K)
 Metaspace       used 70962K, committed 71232K, reserved 1114112K
  class space    used 8096K, committed 8192K, reserved 1048576K
}
Event: 5.553 GC heap after
{Heap after GC invocations=20 (full 0):
 garbage-first heap   total 231424K, used 83355K [0x0000000709800000, 0x0000000800000000)
  region size 2048K, 4 young (8192K), 4 survivors (8192K)
 Metaspace       used 70962K, committed 71232K, reserved 1114112K
  class space    used 8096K, committed 8192K, reserved 1048576K
}
Event: 6.725 GC heap before
{Heap before GC invocations=20 (full 0):
 garbage-first heap   total 231424K, used 167323K [0x0000000709800000, 0x0000000800000000)
  region size 2048K, 45 young (92160K), 4 survivors (8192K)
 Metaspace       used 81913K, committed 82240K, reserved 1179648K
  class space    used 9113K, committed 9216K, reserved 1048576K
}
Event: 6.742 GC heap after
{Heap after GC invocations=21 (full 0):
 garbage-first heap   total 231424K, used 91282K [0x0000000709800000, 0x0000000800000000)
  region size 2048K, 4 young (8192K), 4 survivors (8192K)
 Metaspace       used 81913K, committed 82240K, reserved 1179648K
  class space    used 9113K, committed 9216K, reserved 1048576K
}

