# JRE version: OpenJDK Runtime Environment (17.0.11) (build 17.0.11+0--11852314)
# Java VM: OpenJDK 64-Bit Server VM (17.0.11+0--11852314, mixed mode, tiered, compressed oops, compressed class ptrs, g1 gc, windows-amd64)
GC Precious Log:
 CPUs: 12 total, 12 available
 Memory: 15773M
 Large Page Support: Disabled
 NUMA Support: Disabled
 Compressed Oops: Enabled (Zero based)
 Heap Region Size: 2M
 Heap Min Capacity: 8M
 Heap Initial Capacity: 248M
 Heap Max Capacity: 3944M
 Pre-touch: Disabled
 Parallel Workers: 10
 Concurrent Workers: 3
 Concurrent Refinement Workers: 10
 Periodic GC: Disabled
Heap:
 garbage-first heap   total 167936K, used 97503K [0x0000000709800000, 0x0000000800000000)
  region size 2048K, 33 young (67584K), 2 survivors (4096K)
 Metaspace       used 55902K, committed 56192K, reserved 1114112K
  class space    used 6762K, committed 6912K, reserved 1048576K
GC Heap History (20 events):
Event: 0.691 GC heap before
{Heap before GC invocations=1 (full 0):
 garbage-first heap   total 253952K, used 35584K [0x0000000709800000, 0x0000000800000000)
  region size 2048K, 17 young (34816K), 2 survivors (4096K)
 Metaspace       used 21258K, committed 21504K, reserved 1114112K
  class space    used 2262K, committed 2368K, reserved 1048576K
}
Event: 0.696 GC heap after
{Heap after GC invocations=2 (full 0):
 garbage-first heap   total 253952K, used 11904K [0x0000000709800000, 0x0000000800000000)
  region size 2048K, 3 young (6144K), 3 survivors (6144K)
 Metaspace       used 21258K, committed 21504K, reserved 1114112K
  class space    used 2262K, committed 2368K, reserved 1048576K
}
Event: 0.709 GC heap before
{Heap before GC invocations=2 (full 0):
 garbage-first heap   total 253952K, used 16000K [0x0000000709800000, 0x0000000800000000)
  region size 2048K, 6 young (12288K), 3 survivors (6144K)
 Metaspace       used 21302K, committed 21504K, reserved 1114112K
  class space    used 2270K, committed 2368K, reserved 1048576K
}
Event: 0.713 GC heap after
{Heap after GC invocations=3 (full 0):
 garbage-first heap   total 253952K, used 14464K [0x0000000709800000, 0x0000000800000000)
  region size 2048K, 3 young (6144K), 3 survivors (6144K)
 Metaspace       used 21302K, committed 21504K, reserved 1114112K
  class space    used 2270K, committed 2368K, reserved 1048576K
}
Event: 1.058 GC heap before
{Heap before GC invocations=4 (full 0):
 garbage-first heap   total 61440K, used 39040K [0x0000000709800000, 0x0000000800000000)
  region size 2048K, 16 young (32768K), 3 survivors (6144K)
 Metaspace       used 29016K, committed 29248K, reserved 1114112K
  class space    used 3678K, committed 3776K, reserved 1048576K
}
Event: 1.064 GC heap after
{Heap after GC invocations=5 (full 0):
 garbage-first heap   total 61440K, used 16111K [0x0000000709800000, 0x0000000800000000)
  region size 2048K, 2 young (4096K), 2 survivors (4096K)
 Metaspace       used 29016K, committed 29248K, reserved 1114112K
  class space    used 3678K, committed 3776K, reserved 1048576K
}
Event: 1.087 GC heap before
{Heap before GC invocations=5 (full 0):
 garbage-first heap   total 61440K, used 18159K [0x0000000709800000, 0x0000000800000000)
  region size 2048K, 3 young (6144K), 2 survivors (4096K)
 Metaspace       used 29475K, committed 29632K, reserved 1114112K
  class space    used 3732K, committed 3776K, reserved 1048576K
}
Event: 1.091 GC heap after
{Heap after GC invocations=6 (full 0):
 garbage-first heap   total 61440K, used 16710K [0x0000000709800000, 0x0000000800000000)
  region size 2048K, 1 young (2048K), 1 survivors (2048K)
 Metaspace       used 29475K, committed 29632K, reserved 1114112K
  class space    used 3732K, committed 3776K, reserved 1048576K
}
Event: 1.263 GC heap before
{Heap before GC invocations=6 (full 0):
 garbage-first heap   total 61440K, used 37190K [0x0000000709800000, 0x0000000800000000)
  region size 2048K, 11 young (22528K), 1 survivors (2048K)
 Metaspace       used 33764K, committed 33984K, reserved 1114112K
  class space    used 4189K, committed 4288K, reserved 1048576K
}
Event: 1.267 GC heap after
{Heap after GC invocations=7 (full 0):
 garbage-first heap   total 157696K, used 17542K [0x0000000709800000, 0x0000000800000000)
  region size 2048K, 1 young (2048K), 1 survivors (2048K)
 Metaspace       used 33764K, committed 33984K, reserved 1114112K
  class space    used 4189K, committed 4288K, reserved 1048576K
}
Event: 1.321 GC heap before
{Heap before GC invocations=7 (full 0):
 garbage-first heap   total 157696K, used 23686K [0x0000000709800000, 0x0000000800000000)
  region size 2048K, 5 young (10240K), 1 survivors (2048K)
 Metaspace       used 35709K, committed 35968K, reserved 1114112K
  class space    used 4384K, committed 4480K, reserved 1048576K
}
Event: 1.323 GC heap after
{Heap after GC invocations=8 (full 0):
 garbage-first heap   total 157696K, used 17709K [0x0000000709800000, 0x0000000800000000)
  region size 2048K, 1 young (2048K), 1 survivors (2048K)
 Metaspace       used 35709K, committed 35968K, reserved 1114112K
  class space    used 4384K, committed 4480K, reserved 1048576K
}
Event: 1.752 GC heap before
{Heap before GC invocations=9 (full 0):
 garbage-first heap   total 69632K, used 54573K [0x0000000709800000, 0x0000000800000000)
  region size 2048K, 20 young (40960K), 1 survivors (2048K)
 Metaspace       used 42596K, committed 42816K, reserved 1114112K
  class space    used 5106K, committed 5248K, reserved 1048576K
}
Event: 1.759 GC heap after
{Heap after GC invocations=10 (full 0):
 garbage-first heap   total 69632K, used 23177K [0x0000000709800000, 0x0000000800000000)
  region size 2048K, 4 young (8192K), 4 survivors (8192K)
 Metaspace       used 42596K, committed 42816K, reserved 1114112K
  class space    used 5106K, committed 5248K, reserved 1048576K
}
Event: 1.764 GC heap before
{Heap before GC invocations=10 (full 0):
 garbage-first heap   total 69632K, used 25225K [0x0000000709800000, 0x0000000800000000)
  region size 2048K, 5 young (10240K), 4 survivors (8192K)
 Metaspace       used 42601K, committed 42880K, reserved 1114112K
  class space    used 5106K, committed 5248K, reserved 1048576K
}
Event: 1.772 GC heap after
{Heap after GC invocations=11 (full 0):
 garbage-first heap   total 69632K, used 23759K [0x0000000709800000, 0x0000000800000000)
  region size 2048K, 1 young (2048K), 1 survivors (2048K)
 Metaspace       used 42601K, committed 42880K, reserved 1114112K
  class space    used 5106K, committed 5248K, reserved 1048576K
}
Event: 1.856 GC heap before
{Heap before GC invocations=11 (full 0):
 garbage-first heap   total 69632K, used 46287K [0x0000000709800000, 0x0000000800000000)
  region size 2048K, 12 young (24576K), 1 survivors (2048K)
 Metaspace       used 43068K, committed 43328K, reserved 1114112K
  class space    used 5137K, committed 5248K, reserved 1048576K
}
Event: 1.863 GC heap after
{Heap after GC invocations=12 (full 0):
 garbage-first heap   total 69632K, used 31369K [0x0000000709800000, 0x0000000800000000)
  region size 2048K, 2 young (4096K), 2 survivors (4096K)
 Metaspace       used 43068K, committed 43328K, reserved 1114112K
  class space    used 5137K, committed 5248K, reserved 1048576K
}
Event: 2.181 GC heap before
{Heap before GC invocations=12 (full 0):
 garbage-first heap   total 69632K, used 45705K [0x0000000709800000, 0x0000000800000000)
  region size 2048K, 10 young (20480K), 2 survivors (4096K)
 Metaspace       used 44501K, committed 44736K, reserved 1114112K
  class space    used 5277K, committed 5376K, reserved 1048576K
}
Event: 2.196 GC heap after
{Heap after GC invocations=13 (full 0):
 garbage-first heap   total 167936K, used 36063K [0x0000000709800000, 0x0000000800000000)
  region size 2048K, 2 young (4096K), 2 survivors (4096K)
 Metaspace       used 44501K, committed 44736K, reserved 1114112K
  class space    used 5277K, committed 5376K, reserved 1048576K
}

